debug 2024/04/29 01:07:23 list size:%i, %i132 32
debug 2024/04/29 01:07:29 [{¿Es VERDAD el HACK VIRAL de la TAPA de NUTELLA? https://www.youtube.com/watch?v=7sxeuGFbiQ4 TadeVlogs 1,420,367 vistas [] } {¡SI NO SE SUFRE NO VALE: TRIUNFAZO DE LOS GUNNERS PARA SER LÍDERES! | Tott 2-3 Arsenal | RESUMEN https://www.youtube.com/watch?v=RBNIsGggvjk ESPN Fans 574,912 vistas [] } {Estos son los “TRABAJOS MÁS FÁCILES” de México 🇲🇽 https://www.youtube.com/watch?v=GiVBk8mazJA Yulay 389,513 vistas [] } {CARRE vs MARAVILLA MARTINEZ 🥊 https://www.youtube.com/watch?v=clYlYa0RUio Carreraaa 97,805 vistas [] } {Memes Con Menos Eco... https://www.youtube.com/watch?v=5KBgQ2_DuW0 JonnPlay 404,319 vistas [] } {Segundo debate presidencial 2024: transmisión #EnVivo https://www.youtube.com/watch?v=tw3Nk3SFJqQ UnoTV  [] } {Deportes Antes Vs Ahora 💀 @EdigoQ https://www.youtube.com/watch?v=sBTIGHQXasY Alan 217,871 vistas [] } {ENTRO en ZONA de GU3RRILLA y CAMBIAN las NORMAS 🚫 ¡INCREÍBLE! (S24/E12) VUELTA al MUNDO MOTO SINEWAN https://www.youtube.com/watch?v=DWNdDfXO1mY Charly Sinewan 198,801 vistas [] } {¿Vienen de Francia las papas a la francesa? #shorts https://www.youtube.com/watch?v=HsrlztfcX4k CuriosaMente 4,048,955 vistas [] } {MAS Nerfs que fueron buffs en Clash Royale https://www.youtube.com/watch?v=OSEjNfjE9Ac Gallet 208,474 vistas [] }]
debug 2024/04/29 01:20:03 list size:%i, %i132 32
debug 2024/04/29 01:26:04 list size:%i, %i132 32
debug 2024/04/29 01:28:05 list size:%i, %i132 32
debug 2024/04/29 01:28:29 list size:%i, %i132 32
debug 2024/04/29 01:28:32 list size:%i, %i132 32
debug 2024/04/29 01:29:56 list size:%i, %i132 32
debug 2024/04/29 01:30:03 
debug 2024/04/29 01:30:39 list size:%i, %i132 32
debug 2024/04/29 01:30:43 jijiji
debug 2024/04/29 01:30:52 jijiji
debug 2024/04/29 01:31:54 list size:%i, %i132 32
debug 2024/04/29 01:32:43 El indio solari
debug 2024/04/29 01:33:42 list size:%i, %i132 32
debug 2024/04/29 01:33:45 jijiji
debug 2024/04/29 01:33:52 jijiji
debug 2024/04/29 01:33:56 jijiji
debug 2024/04/29 01:33:57 jijiji
debug 2024/04/29 01:33:57 jijiji
debug 2024/04/29 01:33:57 jijiji
debug 2024/04/29 01:34:04 el indio solari
debug 2024/04/29 01:34:49 list size:%i, %i132 32
debug 2024/04/29 01:34:53 jijiji
debug 2024/04/29 01:35:28 list size:%i, %i132 32
debug 2024/04/29 01:35:39 ji ji ji
debug 2024/04/29 01:36:00 list size:%i, %i132 32
debug 2024/04/29 01:36:07 jijiji
debug 2024/04/29 01:36:30 list size:%i, %i132 32
debug 2024/04/29 01:36:33 jijiji
debug 2024/04/29 01:36:41 jijijijjkkj
debug 2024/04/29 01:47:28 list size:%i, %i132 32
debug 2024/04/29 01:48:02 list size:%i, %i132 32
